  lo2.cpp
C:\Users\nickm\source\repos\lo2\lo2\lo2.cpp(135,24): warning C4244: '=': conversion from 'double' to 'int', possible loss of data
C:\Users\nickm\source\repos\lo2\lo2\lo2.cpp(136,24): warning C4244: '=': conversion from 'double' to 'int', possible loss of data
C:\Users\nickm\source\repos\lo2\lo2\lo2.cpp(140,24): warning C4244: '=': conversion from 'double' to 'int', possible loss of data
C:\Users\nickm\source\repos\lo2\lo2\lo2.cpp(141,24): warning C4244: '=': conversion from 'double' to 'int', possible loss of data
C:\Users\nickm\source\repos\lo2\lo2\lo2.cpp(224,14): warning C4244: 'initializing': conversion from 'double' to 'int', possible loss of data
C:\Users\nickm\source\repos\lo2\lo2\lo2.cpp(233,31): warning C4267: '=': conversion from 'size_t' to 'int', possible loss of data
C:\Users\nickm\source\repos\lo2\lo2\lo2.cpp(234,54): warning C4267: 'argument': conversion from 'size_t' to 'int', possible loss of data
C:\Users\nickm\source\repos\lo2\lo2\lo2.cpp(235,54): warning C4267: 'argument': conversion from 'size_t' to 'int', possible loss of data
C:\Users\nickm\source\repos\lo2\lo2\lo2.cpp(236,54): warning C4267: 'argument': conversion from 'size_t' to 'int', possible loss of data
C:\Users\nickm\source\repos\lo2\lo2\lo2.cpp(237,54): warning C4267: 'argument': conversion from 'size_t' to 'int', possible loss of data
C:\Users\nickm\source\repos\lo2\lo2\lo2.cpp(239,54): warning C4267: 'argument': conversion from 'size_t' to 'int', possible loss of data
C:\Users\nickm\source\repos\lo2\lo2\lo2.cpp(240,54): warning C4267: 'argument': conversion from 'size_t' to 'int', possible loss of data
C:\Users\nickm\source\repos\lo2\lo2\lo2.cpp(241,54): warning C4267: 'argument': conversion from 'size_t' to 'int', possible loss of data
C:\Users\nickm\source\repos\lo2\lo2\lo2.cpp(242,54): warning C4267: 'argument': conversion from 'size_t' to 'int', possible loss of data
C:\Users\nickm\source\repos\lo2\lo2\lo2.cpp(305,15): warning C4244: 'argument': conversion from 'time_t' to 'unsigned int', possible loss of data
  Generating code
  2 of 151 functions ( 1.3%) were compiled, the rest were copied from previous compilation.
    0 functions were new in current compilation
    14 functions had inline decision re-evaluated but remain unchanged
  Finished generating code
  lo2.vcxproj -> C:\Users\nickm\source\repos\lo2\x64\Release\lo2.exe
