  l031.cpp
C:\Users\nickm\source\repos\l031\l031\l031.cpp(164,24): warning C4244: '=': conversion from 'double' to 'int', possible loss of data
C:\Users\nickm\source\repos\l031\l031\l031.cpp(165,24): warning C4244: '=': conversion from 'double' to 'int', possible loss of data
C:\Users\nickm\source\repos\l031\l031\l031.cpp(169,24): warning C4244: '=': conversion from 'double' to 'int', possible loss of data
C:\Users\nickm\source\repos\l031\l031\l031.cpp(170,24): warning C4244: '=': conversion from 'double' to 'int', possible loss of data
C:\Users\nickm\source\repos\l031\l031\l031.cpp(250,12): warning C4244: 'initializing': conversion from 'double' to 'int', possible loss of data
C:\Users\nickm\source\repos\l031\l031\l031.cpp(251,11): warning C4244: 'initializing': conversion from 'double' to 'int', possible loss of data
C:\Users\nickm\source\repos\l031\l031\l031.cpp(252,12): warning C4244: 'initializing': conversion from 'double' to 'int', possible loss of data
C:\Users\nickm\source\repos\l031\l031\l031.cpp(253,14): warning C4244: 'initializing': conversion from 'double' to 'int', possible loss of data
C:\Users\nickm\source\repos\l031\l031\l031.cpp(262,19): warning C4244: 'initializing': conversion from 'size_t' to 'double', possible loss of data
C:\Users\nickm\source\repos\l031\l031\l031.cpp(263,17): warning C4244: '=': conversion from 'double' to 'int', possible loss of data
C:\Users\nickm\source\repos\l031\l031\l031.cpp(264,73): warning C4267: 'argument': conversion from 'size_t' to 'int', possible loss of data
C:\Users\nickm\source\repos\l031\l031\l031.cpp(265,73): warning C4267: 'argument': conversion from 'size_t' to 'int', possible loss of data
C:\Users\nickm\source\repos\l031\l031\l031.cpp(266,73): warning C4267: 'argument': conversion from 'size_t' to 'int', possible loss of data
C:\Users\nickm\source\repos\l031\l031\l031.cpp(267,73): warning C4267: 'argument': conversion from 'size_t' to 'int', possible loss of data
C:\Users\nickm\source\repos\l031\l031\l031.cpp(269,73): warning C4267: 'argument': conversion from 'size_t' to 'int', possible loss of data
C:\Users\nickm\source\repos\l031\l031\l031.cpp(270,73): warning C4267: 'argument': conversion from 'size_t' to 'int', possible loss of data
C:\Users\nickm\source\repos\l031\l031\l031.cpp(271,73): warning C4267: 'argument': conversion from 'size_t' to 'int', possible loss of data
C:\Users\nickm\source\repos\l031\l031\l031.cpp(272,73): warning C4267: 'argument': conversion from 'size_t' to 'int', possible loss of data
C:\Users\nickm\source\repos\l031\l031\l031.cpp(398,15): warning C4244: 'argument': conversion from 'time_t' to 'unsigned int', possible loss of data
  Generating code
  1 of 229 functions ( 0.4%) were compiled, the rest were copied from previous compilation.
    0 functions were new in current compilation
    0 functions had inline decision re-evaluated but remain unchanged
  Finished generating code
  l031.vcxproj -> C:\Users\nickm\source\repos\l031\x64\Release\l031.exe
