  l022.cpp
C:\Users\nickm\source\repos\l022\l022\l022.cpp(138,24): warning C4244: '=': conversion from 'double' to 'int', possible loss of data
C:\Users\nickm\source\repos\l022\l022\l022.cpp(139,24): warning C4244: '=': conversion from 'double' to 'int', possible loss of data
C:\Users\nickm\source\repos\l022\l022\l022.cpp(143,24): warning C4244: '=': conversion from 'double' to 'int', possible loss of data
C:\Users\nickm\source\repos\l022\l022\l022.cpp(144,24): warning C4244: '=': conversion from 'double' to 'int', possible loss of data
C:\Users\nickm\source\repos\l022\l022\l022.cpp(227,14): warning C4244: 'initializing': conversion from 'double' to 'int', possible loss of data
C:\Users\nickm\source\repos\l022\l022\l022.cpp(236,31): warning C4267: '=': conversion from 'size_t' to 'int', possible loss of data
C:\Users\nickm\source\repos\l022\l022\l022.cpp(237,54): warning C4267: 'argument': conversion from 'size_t' to 'int', possible loss of data
C:\Users\nickm\source\repos\l022\l022\l022.cpp(238,54): warning C4267: 'argument': conversion from 'size_t' to 'int', possible loss of data
C:\Users\nickm\source\repos\l022\l022\l022.cpp(239,54): warning C4267: 'argument': conversion from 'size_t' to 'int', possible loss of data
C:\Users\nickm\source\repos\l022\l022\l022.cpp(240,54): warning C4267: 'argument': conversion from 'size_t' to 'int', possible loss of data
C:\Users\nickm\source\repos\l022\l022\l022.cpp(242,54): warning C4267: 'argument': conversion from 'size_t' to 'int', possible loss of data
C:\Users\nickm\source\repos\l022\l022\l022.cpp(243,54): warning C4267: 'argument': conversion from 'size_t' to 'int', possible loss of data
C:\Users\nickm\source\repos\l022\l022\l022.cpp(244,54): warning C4267: 'argument': conversion from 'size_t' to 'int', possible loss of data
C:\Users\nickm\source\repos\l022\l022\l022.cpp(245,54): warning C4267: 'argument': conversion from 'size_t' to 'int', possible loss of data
C:\Users\nickm\source\repos\l022\l022\l022.cpp(259,41): warning C4244: 'argument': conversion from 'double' to 'int', possible loss of data
C:\Users\nickm\source\repos\l022\l022\l022.cpp(268,44): warning C4244: 'argument': conversion from 'double' to 'int', possible loss of data
C:\Users\nickm\source\repos\l022\l022\l022.cpp(338,15): warning C4244: 'argument': conversion from 'time_t' to 'unsigned int', possible loss of data
C:\Users\nickm\source\repos\l022\l022\l022.cpp(362,35): warning C4267: '=': conversion from 'size_t' to 'int', possible loss of data
  Generating code
  68 of 203 functions (33.5%) were compiled, the rest were copied from previous compilation.
    39 functions were new in current compilation
    30 functions had inline decision re-evaluated but remain unchanged
  Finished generating code
  l022.vcxproj -> C:\Users\nickm\source\repos\l022\x64\Release\l022.exe
