  l061.cpp
C:\Users\nickm\source\repos\l061\l061\l061.cpp(308,24): warning C4244: '=': conversion from 'double' to 'int', possible loss of data
C:\Users\nickm\source\repos\l061\l061\l061.cpp(309,24): warning C4244: '=': conversion from 'double' to 'int', possible loss of data
C:\Users\nickm\source\repos\l061\l061\l061.cpp(313,24): warning C4244: '=': conversion from 'double' to 'int', possible loss of data
C:\Users\nickm\source\repos\l061\l061\l061.cpp(314,24): warning C4244: '=': conversion from 'double' to 'int', possible loss of data
C:\Users\nickm\source\repos\l061\l061\l061.cpp(400,12): warning C4244: 'initializing': conversion from 'double' to 'int', possible loss of data
C:\Users\nickm\source\repos\l061\l061\l061.cpp(401,11): warning C4244: 'initializing': conversion from 'double' to 'int', possible loss of data
C:\Users\nickm\source\repos\l061\l061\l061.cpp(402,12): warning C4244: 'initializing': conversion from 'double' to 'int', possible loss of data
C:\Users\nickm\source\repos\l061\l061\l061.cpp(403,14): warning C4244: 'initializing': conversion from 'double' to 'int', possible loss of data
C:\Users\nickm\source\repos\l061\l061\l061.cpp(413,19): warning C4244: 'initializing': conversion from 'size_t' to 'double', possible loss of data
C:\Users\nickm\source\repos\l061\l061\l061.cpp(414,17): warning C4244: '=': conversion from 'double' to 'int', possible loss of data
C:\Users\nickm\source\repos\l061\l061\l061.cpp(416,73): warning C4267: 'argument': conversion from 'size_t' to 'int', possible loss of data
C:\Users\nickm\source\repos\l061\l061\l061.cpp(417,73): warning C4267: 'argument': conversion from 'size_t' to 'int', possible loss of data
C:\Users\nickm\source\repos\l061\l061\l061.cpp(418,73): warning C4267: 'argument': conversion from 'size_t' to 'int', possible loss of data
C:\Users\nickm\source\repos\l061\l061\l061.cpp(419,73): warning C4267: 'argument': conversion from 'size_t' to 'int', possible loss of data
C:\Users\nickm\source\repos\l061\l061\l061.cpp(421,73): warning C4267: 'argument': conversion from 'size_t' to 'int', possible loss of data
C:\Users\nickm\source\repos\l061\l061\l061.cpp(422,73): warning C4267: 'argument': conversion from 'size_t' to 'int', possible loss of data
C:\Users\nickm\source\repos\l061\l061\l061.cpp(423,73): warning C4267: 'argument': conversion from 'size_t' to 'int', possible loss of data
C:\Users\nickm\source\repos\l061\l061\l061.cpp(424,73): warning C4267: 'argument': conversion from 'size_t' to 'int', possible loss of data
C:\Users\nickm\source\repos\l061\l061\l061.cpp(433,12): warning C4244: 'initializing': conversion from 'double' to 'int', possible loss of data
C:\Users\nickm\source\repos\l061\l061\l061.cpp(434,11): warning C4244: 'initializing': conversion from 'double' to 'int', possible loss of data
C:\Users\nickm\source\repos\l061\l061\l061.cpp(435,12): warning C4244: 'initializing': conversion from 'double' to 'int', possible loss of data
C:\Users\nickm\source\repos\l061\l061\l061.cpp(436,14): warning C4244: 'initializing': conversion from 'double' to 'int', possible loss of data
C:\Users\nickm\source\repos\l061\l061\l061.cpp(446,19): warning C4244: 'initializing': conversion from 'size_t' to 'double', possible loss of data
C:\Users\nickm\source\repos\l061\l061\l061.cpp(447,17): warning C4244: '=': conversion from 'double' to 'int', possible loss of data
C:\Users\nickm\source\repos\l061\l061\l061.cpp(449,66): warning C4267: 'argument': conversion from 'size_t' to 'int', possible loss of data
C:\Users\nickm\source\repos\l061\l061\l061.cpp(450,66): warning C4267: 'argument': conversion from 'size_t' to 'int', possible loss of data
C:\Users\nickm\source\repos\l061\l061\l061.cpp(451,66): warning C4267: 'argument': conversion from 'size_t' to 'int', possible loss of data
C:\Users\nickm\source\repos\l061\l061\l061.cpp(452,66): warning C4267: 'argument': conversion from 'size_t' to 'int', possible loss of data
C:\Users\nickm\source\repos\l061\l061\l061.cpp(454,66): warning C4267: 'argument': conversion from 'size_t' to 'int', possible loss of data
C:\Users\nickm\source\repos\l061\l061\l061.cpp(455,66): warning C4267: 'argument': conversion from 'size_t' to 'int', possible loss of data
C:\Users\nickm\source\repos\l061\l061\l061.cpp(456,66): warning C4267: 'argument': conversion from 'size_t' to 'int', possible loss of data
C:\Users\nickm\source\repos\l061\l061\l061.cpp(457,66): warning C4267: 'argument': conversion from 'size_t' to 'int', possible loss of data
C:\Users\nickm\source\repos\l061\l061\l061.cpp(466,12): warning C4244: 'initializing': conversion from 'double' to 'int', possible loss of data
C:\Users\nickm\source\repos\l061\l061\l061.cpp(467,11): warning C4244: 'initializing': conversion from 'double' to 'int', possible loss of data
C:\Users\nickm\source\repos\l061\l061\l061.cpp(468,12): warning C4244: 'initializing': conversion from 'double' to 'int', possible loss of data
C:\Users\nickm\source\repos\l061\l061\l061.cpp(469,14): warning C4244: 'initializing': conversion from 'double' to 'int', possible loss of data
C:\Users\nickm\source\repos\l061\l061\l061.cpp(479,19): warning C4244: 'initializing': conversion from 'size_t' to 'double', possible loss of data
C:\Users\nickm\source\repos\l061\l061\l061.cpp(480,17): warning C4244: '=': conversion from 'double' to 'int', possible loss of data
C:\Users\nickm\source\repos\l061\l061\l061.cpp(482,65): warning C4267: 'argument': conversion from 'size_t' to 'int', possible loss of data
C:\Users\nickm\source\repos\l061\l061\l061.cpp(483,65): warning C4267: 'argument': conversion from 'size_t' to 'int', possible loss of data
C:\Users\nickm\source\repos\l061\l061\l061.cpp(484,65): warning C4267: 'argument': conversion from 'size_t' to 'int', possible loss of data
C:\Users\nickm\source\repos\l061\l061\l061.cpp(485,65): warning C4267: 'argument': conversion from 'size_t' to 'int', possible loss of data
C:\Users\nickm\source\repos\l061\l061\l061.cpp(487,65): warning C4267: 'argument': conversion from 'size_t' to 'int', possible loss of data
C:\Users\nickm\source\repos\l061\l061\l061.cpp(488,65): warning C4267: 'argument': conversion from 'size_t' to 'int', possible loss of data
C:\Users\nickm\source\repos\l061\l061\l061.cpp(489,65): warning C4267: 'argument': conversion from 'size_t' to 'int', possible loss of data
C:\Users\nickm\source\repos\l061\l061\l061.cpp(490,65): warning C4267: 'argument': conversion from 'size_t' to 'int', possible loss of data
C:\Users\nickm\source\repos\l061\l061\l061.cpp(1008,48): warning C4267: '=': conversion from 'size_t' to 'int', possible loss of data
C:\Users\nickm\source\repos\l061\l061\l061.cpp(1009,46): warning C4267: '=': conversion from 'size_t' to 'int', possible loss of data
C:\Users\nickm\source\repos\l061\l061\l061.cpp(1010,54): warning C4267: 'initializing': conversion from 'size_t' to 'int', possible loss of data
C:\Users\nickm\source\repos\l061\l061\l061.cpp(1055,21): warning C4244: 'initializing': conversion from 'double' to 'int', possible loss of data
C:\Users\nickm\source\repos\l061\l061\l061.cpp(1125,23): warning C4244: 'initializing': conversion from 'double' to 'int', possible loss of data
C:\Users\nickm\source\repos\l061\l061\l061.cpp(1192,21): warning C4244: 'initializing': conversion from 'double' to 'int', possible loss of data
C:\Users\nickm\source\repos\l061\l061\l061.cpp(1262,23): warning C4244: 'initializing': conversion from 'double' to 'int', possible loss of data
C:\Users\nickm\source\repos\l061\l061\l061.cpp(1307,35): warning C4018: '<': signed/unsigned mismatch
C:\Users\nickm\source\repos\l061\l061\l061.cpp(1394,12): warning C4244: 'initializing': conversion from 'double' to 'int', possible loss of data
C:\Users\nickm\source\repos\l061\l061\l061.cpp(1395,11): warning C4244: 'initializing': conversion from 'double' to 'int', possible loss of data
C:\Users\nickm\source\repos\l061\l061\l061.cpp(1396,12): warning C4244: 'initializing': conversion from 'double' to 'int', possible loss of data
C:\Users\nickm\source\repos\l061\l061\l061.cpp(1397,14): warning C4244: 'initializing': conversion from 'double' to 'int', possible loss of data
C:\Users\nickm\source\repos\l061\l061\l061.cpp(1408,19): warning C4244: 'initializing': conversion from 'size_t' to 'double', possible loss of data
C:\Users\nickm\source\repos\l061\l061\l061.cpp(1409,17): warning C4244: '=': conversion from 'double' to 'int', possible loss of data
C:\Users\nickm\source\repos\l061\l061\l061.cpp(1515,48): warning C4267: '=': conversion from 'size_t' to 'int', possible loss of data
C:\Users\nickm\source\repos\l061\l061\l061.cpp(1516,46): warning C4267: '=': conversion from 'size_t' to 'int', possible loss of data
C:\Users\nickm\source\repos\l061\l061\l061.cpp(1517,54): warning C4267: 'initializing': conversion from 'size_t' to 'int', possible loss of data
C:\Users\nickm\source\repos\l061\l061\l061.cpp(1705,35): warning C4018: '<': signed/unsigned mismatch
  l061.vcxproj -> C:\Users\nickm\source\repos\l061\x64\Debug\l061.exe
