  l032.cpp
C:\Users\nickm\source\repos\l032\l032\l032.cpp(176,24): warning C4244: '=': conversion from 'double' to 'int', possible loss of data
C:\Users\nickm\source\repos\l032\l032\l032.cpp(177,24): warning C4244: '=': conversion from 'double' to 'int', possible loss of data
C:\Users\nickm\source\repos\l032\l032\l032.cpp(181,24): warning C4244: '=': conversion from 'double' to 'int', possible loss of data
C:\Users\nickm\source\repos\l032\l032\l032.cpp(182,24): warning C4244: '=': conversion from 'double' to 'int', possible loss of data
C:\Users\nickm\source\repos\l032\l032\l032.cpp(264,12): warning C4244: 'initializing': conversion from 'double' to 'int', possible loss of data
C:\Users\nickm\source\repos\l032\l032\l032.cpp(265,11): warning C4244: 'initializing': conversion from 'double' to 'int', possible loss of data
C:\Users\nickm\source\repos\l032\l032\l032.cpp(266,12): warning C4244: 'initializing': conversion from 'double' to 'int', possible loss of data
C:\Users\nickm\source\repos\l032\l032\l032.cpp(267,14): warning C4244: 'initializing': conversion from 'double' to 'int', possible loss of data
C:\Users\nickm\source\repos\l032\l032\l032.cpp(277,19): warning C4244: 'initializing': conversion from 'size_t' to 'double', possible loss of data
C:\Users\nickm\source\repos\l032\l032\l032.cpp(278,17): warning C4244: '=': conversion from 'double' to 'int', possible loss of data
C:\Users\nickm\source\repos\l032\l032\l032.cpp(280,73): warning C4267: 'argument': conversion from 'size_t' to 'int', possible loss of data
C:\Users\nickm\source\repos\l032\l032\l032.cpp(281,73): warning C4267: 'argument': conversion from 'size_t' to 'int', possible loss of data
C:\Users\nickm\source\repos\l032\l032\l032.cpp(282,73): warning C4267: 'argument': conversion from 'size_t' to 'int', possible loss of data
C:\Users\nickm\source\repos\l032\l032\l032.cpp(283,73): warning C4267: 'argument': conversion from 'size_t' to 'int', possible loss of data
C:\Users\nickm\source\repos\l032\l032\l032.cpp(285,73): warning C4267: 'argument': conversion from 'size_t' to 'int', possible loss of data
C:\Users\nickm\source\repos\l032\l032\l032.cpp(286,73): warning C4267: 'argument': conversion from 'size_t' to 'int', possible loss of data
C:\Users\nickm\source\repos\l032\l032\l032.cpp(287,73): warning C4267: 'argument': conversion from 'size_t' to 'int', possible loss of data
C:\Users\nickm\source\repos\l032\l032\l032.cpp(288,73): warning C4267: 'argument': conversion from 'size_t' to 'int', possible loss of data
C:\Users\nickm\source\repos\l032\l032\l032.cpp(537,15): warning C4244: 'argument': conversion from 'time_t' to 'unsigned int', possible loss of data
  Generating code
  19 of 228 functions ( 8.3%) were compiled, the rest were copied from previous compilation.
    16 functions were new in current compilation
    0 functions had inline decision re-evaluated but remain unchanged
  Finished generating code
  l032.vcxproj -> C:\Users\nickm\source\repos\l032\x64\Release\l032.exe
