  l033.cpp
C:\Users\nickm\source\repos\l033\l033\l033.cpp(223,24): warning C4244: '=': conversion from 'double' to 'int', possible loss of data
C:\Users\nickm\source\repos\l033\l033\l033.cpp(224,24): warning C4244: '=': conversion from 'double' to 'int', possible loss of data
C:\Users\nickm\source\repos\l033\l033\l033.cpp(228,24): warning C4244: '=': conversion from 'double' to 'int', possible loss of data
C:\Users\nickm\source\repos\l033\l033\l033.cpp(229,24): warning C4244: '=': conversion from 'double' to 'int', possible loss of data
C:\Users\nickm\source\repos\l033\l033\l033.cpp(311,12): warning C4244: 'initializing': conversion from 'double' to 'int', possible loss of data
C:\Users\nickm\source\repos\l033\l033\l033.cpp(312,11): warning C4244: 'initializing': conversion from 'double' to 'int', possible loss of data
C:\Users\nickm\source\repos\l033\l033\l033.cpp(313,12): warning C4244: 'initializing': conversion from 'double' to 'int', possible loss of data
C:\Users\nickm\source\repos\l033\l033\l033.cpp(314,14): warning C4244: 'initializing': conversion from 'double' to 'int', possible loss of data
C:\Users\nickm\source\repos\l033\l033\l033.cpp(324,19): warning C4244: 'initializing': conversion from 'size_t' to 'double', possible loss of data
C:\Users\nickm\source\repos\l033\l033\l033.cpp(325,17): warning C4244: '=': conversion from 'double' to 'int', possible loss of data
C:\Users\nickm\source\repos\l033\l033\l033.cpp(327,73): warning C4267: 'argument': conversion from 'size_t' to 'int', possible loss of data
C:\Users\nickm\source\repos\l033\l033\l033.cpp(328,73): warning C4267: 'argument': conversion from 'size_t' to 'int', possible loss of data
C:\Users\nickm\source\repos\l033\l033\l033.cpp(329,73): warning C4267: 'argument': conversion from 'size_t' to 'int', possible loss of data
C:\Users\nickm\source\repos\l033\l033\l033.cpp(330,73): warning C4267: 'argument': conversion from 'size_t' to 'int', possible loss of data
C:\Users\nickm\source\repos\l033\l033\l033.cpp(332,73): warning C4267: 'argument': conversion from 'size_t' to 'int', possible loss of data
C:\Users\nickm\source\repos\l033\l033\l033.cpp(333,73): warning C4267: 'argument': conversion from 'size_t' to 'int', possible loss of data
C:\Users\nickm\source\repos\l033\l033\l033.cpp(334,73): warning C4267: 'argument': conversion from 'size_t' to 'int', possible loss of data
C:\Users\nickm\source\repos\l033\l033\l033.cpp(335,73): warning C4267: 'argument': conversion from 'size_t' to 'int', possible loss of data
C:\Users\nickm\source\repos\l033\l033\l033.cpp(609,36): warning C4293: '>>': shift count negative or too big, undefined behavior
C:\Users\nickm\source\repos\l033\l033\l033.cpp(618,70): warning C4267: 'argument': conversion from 'size_t' to 'char', possible loss of data
C:\Users\nickm\source\repos\l033\l033\l033.cpp(633,70): warning C4267: 'argument': conversion from 'size_t' to 'char', possible loss of data
C:\Users\nickm\source\repos\l033\l033\l033.cpp(712,34): warning C4267: 'initializing': conversion from 'size_t' to 'int', possible loss of data
C:\Users\nickm\source\repos\l033\l033\l033.cpp(738,60): warning C4267: 'argument': conversion from 'size_t' to 'int', possible loss of data
C:\Users\nickm\source\repos\l033\l033\l033.cpp(873,34): warning C4267: 'initializing': conversion from 'size_t' to 'int', possible loss of data
C:\Users\nickm\source\repos\l033\l033\l033.cpp(898,81): warning C4267: 'argument': conversion from 'size_t' to 'int', possible loss of data
C:\Users\nickm\source\repos\l033\l033\l033.cpp(916,15): warning C4244: 'argument': conversion from 'time_t' to 'unsigned int', possible loss of data
  l033.vcxproj -> C:\Users\nickm\source\repos\l033\x64\Debug\l033.exe
