  l033.cpp
C:\Users\nickm\source\repos\l033\l033\l033.cpp(224,24): warning C4244: '=': conversion from 'double' to 'int', possible loss of data
C:\Users\nickm\source\repos\l033\l033\l033.cpp(225,24): warning C4244: '=': conversion from 'double' to 'int', possible loss of data
C:\Users\nickm\source\repos\l033\l033\l033.cpp(229,24): warning C4244: '=': conversion from 'double' to 'int', possible loss of data
C:\Users\nickm\source\repos\l033\l033\l033.cpp(230,24): warning C4244: '=': conversion from 'double' to 'int', possible loss of data
C:\Users\nickm\source\repos\l033\l033\l033.cpp(312,12): warning C4244: 'initializing': conversion from 'double' to 'int', possible loss of data
C:\Users\nickm\source\repos\l033\l033\l033.cpp(313,11): warning C4244: 'initializing': conversion from 'double' to 'int', possible loss of data
C:\Users\nickm\source\repos\l033\l033\l033.cpp(314,12): warning C4244: 'initializing': conversion from 'double' to 'int', possible loss of data
C:\Users\nickm\source\repos\l033\l033\l033.cpp(315,14): warning C4244: 'initializing': conversion from 'double' to 'int', possible loss of data
C:\Users\nickm\source\repos\l033\l033\l033.cpp(325,19): warning C4244: 'initializing': conversion from 'size_t' to 'double', possible loss of data
C:\Users\nickm\source\repos\l033\l033\l033.cpp(326,17): warning C4244: '=': conversion from 'double' to 'int', possible loss of data
C:\Users\nickm\source\repos\l033\l033\l033.cpp(328,73): warning C4267: 'argument': conversion from 'size_t' to 'int', possible loss of data
C:\Users\nickm\source\repos\l033\l033\l033.cpp(329,73): warning C4267: 'argument': conversion from 'size_t' to 'int', possible loss of data
C:\Users\nickm\source\repos\l033\l033\l033.cpp(330,73): warning C4267: 'argument': conversion from 'size_t' to 'int', possible loss of data
C:\Users\nickm\source\repos\l033\l033\l033.cpp(331,73): warning C4267: 'argument': conversion from 'size_t' to 'int', possible loss of data
C:\Users\nickm\source\repos\l033\l033\l033.cpp(333,73): warning C4267: 'argument': conversion from 'size_t' to 'int', possible loss of data
C:\Users\nickm\source\repos\l033\l033\l033.cpp(334,73): warning C4267: 'argument': conversion from 'size_t' to 'int', possible loss of data
C:\Users\nickm\source\repos\l033\l033\l033.cpp(335,73): warning C4267: 'argument': conversion from 'size_t' to 'int', possible loss of data
C:\Users\nickm\source\repos\l033\l033\l033.cpp(336,73): warning C4267: 'argument': conversion from 'size_t' to 'int', possible loss of data
C:\Users\nickm\source\repos\l033\l033\l033.cpp(502,12): error C2734: 'N': 'const' object must be initialized if not 'extern'
C:\Users\nickm\source\repos\l033\l033\l033.cpp(502,11): error C2373: 'N': redefinition; different type modifiers
C:\Users\nickm\source\repos\l033\l033\l033.cpp(24): message : see declaration of 'N'
C:\Users\nickm\source\repos\l033\l033\l033.cpp(511,13): error C2088: '<<': illegal for class
C:\Users\nickm\source\repos\l033\l033\l033.cpp(611,36): warning C4293: '>>': shift count negative or too big, undefined behavior
C:\Users\nickm\source\repos\l033\l033\l033.cpp(620,70): warning C4267: 'argument': conversion from 'size_t' to 'char', possible loss of data
C:\Users\nickm\source\repos\l033\l033\l033.cpp(635,70): warning C4267: 'argument': conversion from 'size_t' to 'char', possible loss of data
C:\Users\nickm\source\repos\l033\l033\l033.cpp(714,34): warning C4267: 'initializing': conversion from 'size_t' to 'int', possible loss of data
C:\Users\nickm\source\repos\l033\l033\l033.cpp(740,60): warning C4267: 'argument': conversion from 'size_t' to 'int', possible loss of data
C:\Users\nickm\source\repos\l033\l033\l033.cpp(796,73): warning C4267: 'argument': conversion from 'size_t' to 'char', possible loss of data
C:\Users\nickm\source\repos\l033\l033\l033.cpp(875,34): warning C4267: 'initializing': conversion from 'size_t' to 'int', possible loss of data
C:\Users\nickm\source\repos\l033\l033\l033.cpp(900,81): warning C4267: 'argument': conversion from 'size_t' to 'int', possible loss of data
